<?xml version="1.0" encoding="UTF-8"?>
<!-- Generated by org.testng.reporters.JUnitReportReporter -->
<testsuite hostname="HbpSoft" failures="0" tests="1" name="com.test.Registration_Sanity.Today_activity" time="1.794" errors="0" timestamp="2024-03-13T10:03:18 IST" skipped="0">
  <testcase classname="com.test.Registration_Sanity.Today_activity" name="testDB" time="1.794"/>
  <system-out/>
</testsuite> <!-- com.test.Registration_Sanity.Today_activity -->
