<?xml version="1.0" encoding="UTF-8"?>
<!-- Generated by org.testng.reporters.JUnitReportReporter -->
<testsuite hostname="HbpSoft" failures="0" tests="6" name="com.test.Registration_Sanity.Registration_activty" time="65.676" errors="0" timestamp="2024-03-25T10:51:00 IST" skipped="0">
  <testcase classname="com.test.Registration_Sanity.Registration_activty" name="login" time="14.286"/>
  <system-out/>
  <testcase classname="com.test.Registration_Sanity.Registration_activty" name="brain_search" time="17.280"/>
  <system-out/>
  <testcase classname="com.test.Registration_Sanity.Registration_activty" name="activity_Search" time="18.545"/>
  <system-out/>
  <testcase classname="com.test.Registration_Sanity.Registration_activty" name="userName" time="4.351"/>
  <system-out/>
  <testcase classname="com.test.Registration_Sanity.Registration_activty" name="Action" time="4.107"/>
  <system-out/>
  <testcase classname="com.test.Registration_Sanity.Registration_activty" name="Info" time="7.107"/>
  <system-out/>
</testsuite> <!-- com.test.Registration_Sanity.Registration_activty -->
