<?xml version="1.0" encoding="UTF-8"?>
<!-- Generated by org.testng.reporters.JUnitReportReporter -->
<testsuite hostname="vivobook-asuslaptop-x512flc-x512fl" failures="0" tests="4" name="com.test.Registration_Sanity.Testing" time="166.099" errors="0" timestamp="2024-02-21T13:04:52 IST" skipped="0">
  <testcase classname="com.test.Registration_Sanity.Testing" name="Login" time="26.716"/>
  <system-out/>
  <testcase classname="com.test.Registration_Sanity.Testing" name="series_set" time="13.039"/>
  <system-out/>
  <testcase classname="com.test.Registration_Sanity.Testing" name="Rotation" time="50.111"/>
  <system-out/>
  <testcase classname="com.test.Registration_Sanity.Testing" name="Retrive" time="76.233"/>
  <system-out/>
</testsuite> <!-- com.test.Registration_Sanity.Testing -->
