<?xml version="1.0" encoding="UTF-8"?>
<!-- Generated by org.testng.reporters.JUnitReportReporter -->
<testsuite hostname="vivobook-asuslaptop-x512flc-x512fl" failures="0" tests="4" name="com.test.Registration_Sanity.Testing" time="147.343" errors="0" timestamp="2024-01-06T17:40:58 IST" skipped="0">
  <testcase classname="com.test.Registration_Sanity.Testing" name="Login" time="24.005"/>
  <system-out/>
  <testcase classname="com.test.Registration_Sanity.Testing" name="table" time="3.158"/>
  <system-out/>
  <testcase classname="com.test.Registration_Sanity.Testing" name="Rotation" time="45.057"/>
  <system-out/>
  <testcase classname="com.test.Registration_Sanity.Testing" name="Retrive" time="75.123"/>
  <system-out/>
</testsuite> <!-- com.test.Registration_Sanity.Testing -->
